#
# There is insufficient memory for the Java Runtime Environment to continue.
# Native memory allocation (mmap) failed to map 1261568 bytes. Error detail: object start array expansion
# Possible reasons:
#   The system is out of physical RAM or swap space
#   This process is running with CompressedOops enabled, and the Java Heap may be blocking the growth of the native heap
# Possible solutions:
#   Reduce memory load on the system
#   Increase physical memory or swap space
#   Check if swap backing store is full
#   Decrease Java heap size (-Xmx/-Xms)
#   Decrease number of Java threads
#   Decrease Java thread stack sizes (-Xss)
#   Set larger code cache with -XX:ReservedCodeCacheSize=
#   JVM is running with Unscaled Compressed Oops mode in which the Java heap is
#     placed in the first 4GB address space. The Java Heap base address is the
#     maximum limit for the native heap growth. Please use -XX:HeapBaseMinAddress
#     to set the Java Heap base and to place the Java Heap above 4GB virtual address.
# This output file may be truncated or incomplete.
#
#  Out of Memory Error (objectStartArray.cpp:103), pid=6520, tid=7048
#
# JRE version: OpenJDK Runtime Environment Temurin-17.0.13+11 (17.0.13+11) (build 17.0.13+11)
# Java VM: OpenJDK 64-Bit Server VM Temurin-17.0.13+11 (17.0.13+11, mixed mode, tiered, compressed oops, compressed class ptrs, parallel gc, windows-amd64)
# No core dump will be written. Minidumps are not enabled by default on client versions of Windows
#

---------------  S U M M A R Y ------------

Command Line: --add-modules=ALL-SYSTEM --add-opens=java.base/java.util=ALL-UNNAMED --add-opens=java.base/java.lang=ALL-UNNAMED --add-opens=java.base/sun.nio.fs=ALL-UNNAMED -Declipse.application=org.eclipse.jdt.ls.core.id1 -Dosgi.bundles.defaultStartLevel=4 -Declipse.product=org.eclipse.jdt.ls.core.product -Djava.import.generatesMetadataFilesAtProjectRoot=false -DDetectVMInstallationsJob.disabled=true -Dfile.encoding=utf8 -XX:+UseParallelGC -XX:GCTimeRatio=4 -XX:AdaptiveSizePolicyWeight=90 -Dsun.zip.disableMemoryMapping=true -Xmx1G -Xms100m -Xlog:disable -javaagent:c:\Users\diurno\.vscode\extensions\redhat.java-1.36.0-win32-x64\lombok\lombok-1.18.35.jar -XX:+HeapDumpOnOutOfMemoryError -XX:HeapDumpPath=c:\Users\diurno\AppData\Roaming\Code\User\workspaceStorage\8b1ed90dac5234f3f01f7ca273c733af\redhat.java -Daether.dependencyCollector.impl=bf c:\Users\diurno\.vscode\extensions\redhat.java-1.36.0-win32-x64\server\plugins\org.eclipse.equinox.launcher_1.6.900.v20240613-2009.jar -configuration c:\Users\diurno\AppData\Roaming\Code\User\globalStorage\redhat.java\1.36.0\config_win -data c:\Users\diurno\AppData\Roaming\Code\User\workspaceStorage\8b1ed90dac5234f3f01f7ca273c733af\redhat.java\jdt_ws --pipe=\\.\pipe\lsp-f808409ff21bfd2c49c9b50a6b4bf16d-sock

Host: Intel(R) Core(TM) i5-8400 CPU @ 2.80GHz, 6 cores, 15G,  Windows 11 , 64 bit Build 22621 (10.0.22621.4391)
Time: Wed Nov  6 13:21:04 2024 Hora estándar romance elapsed time: 64.820342 seconds (0d 0h 1m 4s)

---------------  T H R E A D  ---------------

Current thread (0x000001da3c708bb0):  VMThread "VM Thread" [stack: 0x0000008662b00000,0x0000008662c00000] [id=7048]

Stack: [0x0000008662b00000,0x0000008662c00000]
Native frames: (J=compiled Java code, j=interpreted, Vv=VM code, C=native code)
V  [jvm.dll+0x682a19]
V  [jvm.dll+0x839538]
V  [jvm.dll+0x83afe3]
V  [jvm.dll+0x83b653]
V  [jvm.dll+0x24704f]
V  [jvm.dll+0x66ec6f]
V  [jvm.dll+0x6b8f12]
V  [jvm.dll+0x6b8931]
V  [jvm.dll+0x6b8878]
V  [jvm.dll+0x6b919e]
V  [jvm.dll+0x6bc442]
V  [jvm.dll+0x6c1cf9]
V  [jvm.dll+0x68de13]
V  [jvm.dll+0x6c3444]
V  [jvm.dll+0x83fe8d]
V  [jvm.dll+0x840bc3]
V  [jvm.dll+0x8410ef]
V  [jvm.dll+0x8414d4]
V  [jvm.dll+0x84159e]
V  [jvm.dll+0x7e8ffc]
V  [jvm.dll+0x6818f7]
C  [ucrtbase.dll+0x29333]
C  [KERNEL32.DLL+0x1259d]
C  [ntdll.dll+0x5af38]

VM_Operation (0x0000008664afe310): ParallelGCFailedAllocation, mode: safepoint, requested by thread 0x000001da55f62960


---------------  P R O C E S S  ---------------

Threads class SMR info:
_java_thread_list=0x000001da632bc240, length=49, elements={
0x000001da3c65db40, 0x000001da504e5020, 0x000001da504e6550, 0x000001da504e8c00,
0x000001da504e9790, 0x000001da504ea520, 0x000001da504eb150, 0x000001da504edf10,
0x000001da55c30540, 0x000001da55c4b1e0, 0x000001da55d08200, 0x000001da5613ffc0,
0x000001da568d6eb0, 0x000001da567acb00, 0x000001da568a4da0, 0x000001da568aa300,
0x000001da56ba46c0, 0x000001da56c23230, 0x000001da55f63890, 0x000001da55f642b0,
0x000001da55f64cd0, 0x000001da55f63da0, 0x000001da55f61a30, 0x000001da55f62960,
0x000001da55f62e70, 0x000001da56e5c950, 0x000001da56e60b20, 0x000001da56e5c440,
0x000001da56e596b0, 0x000001da56e5ecc0, 0x000001da56e5ce60, 0x000001da56e60610,
0x000001da56e5e2a0, 0x000001da56e5b510, 0x000001da56e61030, 0x000001da56e60100,
0x000001da56e59bc0, 0x000001da56e5bf30, 0x000001da56e5ba20, 0x000001da56e5d880,
0x000001da56e5a0d0, 0x000001da56e5d370, 0x000001da56e5f1d0, 0x000001da56e5dd90,
0x000001da55f62450, 0x000001da599b4ad0, 0x000001da599b4fe0, 0x000001da599b7860,
0x000001da599b3ba0
}

Java Threads: ( => current thread )
  0x000001da3c65db40 JavaThread "main" [_thread_blocked, id=7904, stack(0x0000008662900000,0x0000008662a00000)]
  0x000001da504e5020 JavaThread "Reference Handler" daemon [_thread_blocked, id=6792, stack(0x0000008662c00000,0x0000008662d00000)]
  0x000001da504e6550 JavaThread "Finalizer" daemon [_thread_blocked, id=9960, stack(0x0000008662d00000,0x0000008662e00000)]
  0x000001da504e8c00 JavaThread "Signal Dispatcher" daemon [_thread_blocked, id=9900, stack(0x0000008662e00000,0x0000008662f00000)]
  0x000001da504e9790 JavaThread "Attach Listener" daemon [_thread_blocked, id=8240, stack(0x0000008662f00000,0x0000008663000000)]
  0x000001da504ea520 JavaThread "Service Thread" daemon [_thread_blocked, id=1256, stack(0x0000008663000000,0x0000008663100000)]
  0x000001da504eb150 JavaThread "Monitor Deflation Thread" daemon [_thread_blocked, id=16800, stack(0x0000008663100000,0x0000008663200000)]
  0x000001da504edf10 JavaThread "C2 CompilerThread0" daemon [_thread_blocked, id=13672, stack(0x0000008663200000,0x0000008663300000)]
  0x000001da55c30540 JavaThread "C1 CompilerThread0" daemon [_thread_blocked, id=14472, stack(0x0000008663300000,0x0000008663400000)]
  0x000001da55c4b1e0 JavaThread "Sweeper thread" daemon [_thread_blocked, id=6740, stack(0x0000008663400000,0x0000008663500000)]
  0x000001da55d08200 JavaThread "Common-Cleaner" daemon [_thread_blocked, id=15528, stack(0x0000008663500000,0x0000008663600000)]
  0x000001da5613ffc0 JavaThread "Notification Thread" daemon [_thread_blocked, id=5516, stack(0x0000008663700000,0x0000008663800000)]
  0x000001da568d6eb0 JavaThread "Active Thread: Equinox Container: 0fd922ed-9ef3-444b-b79b-cb0736142849" [_thread_blocked, id=1884, stack(0x0000008663e00000,0x0000008663f00000)]
  0x000001da567acb00 JavaThread "Refresh Thread: Equinox Container: 0fd922ed-9ef3-444b-b79b-cb0736142849" daemon [_thread_blocked, id=10028, stack(0x0000008663600000,0x0000008663700000)]
  0x000001da568a4da0 JavaThread "Framework Event Dispatcher: Equinox Container: 0fd922ed-9ef3-444b-b79b-cb0736142849" daemon [_thread_blocked, id=11032, stack(0x0000008663f00000,0x0000008664000000)]
  0x000001da568aa300 JavaThread "Start Level: Equinox Container: 0fd922ed-9ef3-444b-b79b-cb0736142849" daemon [_thread_blocked, id=12396, stack(0x0000008664000000,0x0000008664100000)]
  0x000001da56ba46c0 JavaThread "Bundle File Closer" daemon [_thread_blocked, id=16676, stack(0x0000008664200000,0x0000008664300000)]
  0x000001da56c23230 JavaThread "SCR Component Actor" daemon [_thread_blocked, id=14576, stack(0x0000008664100000,0x0000008664200000)]
  0x000001da55f63890 JavaThread "Worker-JM" [_thread_blocked, id=15708, stack(0x0000008664400000,0x0000008664500000)]
  0x000001da55f642b0 JavaThread "JNA Cleaner" daemon [_thread_blocked, id=2740, stack(0x0000008664600000,0x0000008664700000)]
  0x000001da55f64cd0 JavaThread "Worker-0" [_thread_blocked, id=16508, stack(0x0000008664700000,0x0000008664800000)]
  0x000001da55f63da0 JavaThread "Worker-1" [_thread_blocked, id=14896, stack(0x0000008664800000,0x0000008664900000)]
  0x000001da55f61a30 JavaThread "Worker-2: Java indexing... " [_thread_blocked, id=15948, stack(0x0000008664900000,0x0000008664a00000)]
  0x000001da55f62960 JavaThread "Java indexing" daemon [_thread_blocked, id=4088, stack(0x0000008664a00000,0x0000008664b00000)]
  0x000001da55f62e70 JavaThread "Worker-3: Initialize Workspace" [_thread_blocked, id=8204, stack(0x0000008664d00000,0x0000008664e00000)]
  0x000001da56e5c950 JavaThread "Thread-2" daemon [_thread_in_native, id=11372, stack(0x0000008664e00000,0x0000008664f00000)]
  0x000001da56e60b20 JavaThread "Thread-3" daemon [_thread_in_native, id=4628, stack(0x0000008664f00000,0x0000008665000000)]
  0x000001da56e5c440 JavaThread "Thread-4" daemon [_thread_in_native, id=15988, stack(0x0000008665000000,0x0000008665100000)]
  0x000001da56e596b0 JavaThread "Thread-5" daemon [_thread_in_native, id=9000, stack(0x0000008665100000,0x0000008665200000)]
  0x000001da56e5ecc0 JavaThread "Thread-6" daemon [_thread_in_native, id=2920, stack(0x0000008665200000,0x0000008665300000)]
  0x000001da56e5ce60 JavaThread "Thread-7" daemon [_thread_in_native, id=9412, stack(0x0000008665300000,0x0000008665400000)]
  0x000001da56e60610 JavaThread "Thread-8" daemon [_thread_in_native, id=2716, stack(0x0000008665400000,0x0000008665500000)]
  0x000001da56e5e2a0 JavaThread "pool-2-thread-1" [_thread_blocked, id=4120, stack(0x0000008665500000,0x0000008665600000)]
  0x000001da56e5b510 JavaThread "WorkspaceEventsHandler" [_thread_blocked, id=14948, stack(0x0000008665600000,0x0000008665700000)]
  0x000001da56e61030 JavaThread "pool-1-thread-1" [_thread_blocked, id=11856, stack(0x0000008665700000,0x0000008665800000)]
  0x000001da56e60100 JavaThread "Worker-4" [_thread_blocked, id=6272, stack(0x0000008665800000,0x0000008665900000)]
  0x000001da56e59bc0 JavaThread "Worker-5" [_thread_blocked, id=17352, stack(0x0000008665900000,0x0000008665a00000)]
  0x000001da56e5bf30 JavaThread "Worker-6" [_thread_blocked, id=8940, stack(0x0000008665a00000,0x0000008665b00000)]
  0x000001da56e5ba20 JavaThread "Worker-7" [_thread_blocked, id=4116, stack(0x0000008665b00000,0x0000008665c00000)]
  0x000001da56e5d880 JavaThread "LocalFile Deleter" daemon [_thread_blocked, id=9196, stack(0x0000008665c00000,0x0000008665d00000)]
  0x000001da56e5a0d0 JavaThread "Compiler Source File Reader" daemon [_thread_blocked, id=10024, stack(0x0000008665d00000,0x0000008665e00000)]
  0x000001da56e5d370 JavaThread "Compiler Source File Reader" daemon [_thread_blocked, id=5004, stack(0x0000008665e00000,0x0000008665f00000)]
  0x000001da56e5f1d0 JavaThread "Compiler Source File Reader" daemon [_thread_blocked, id=10840, stack(0x0000008665f00000,0x0000008666000000)]
  0x000001da56e5dd90 JavaThread "Compiler Source File Reader" daemon [_thread_blocked, id=9736, stack(0x0000008666000000,0x0000008666100000)]
  0x000001da55f62450 JavaThread "Compiler Processing Task" daemon [_thread_blocked, id=2612, stack(0x0000008666100000,0x0000008666200000)]
  0x000001da599b4ad0 JavaThread "Compiler Class File Writer" daemon [_thread_blocked, id=8288, stack(0x0000008666200000,0x0000008666300000)]
  0x000001da599b4fe0 JavaThread "Compiler Class File Writer" daemon [_thread_blocked, id=14892, stack(0x0000008666300000,0x0000008666400000)]
  0x000001da599b7860 JavaThread "Compiler Class File Writer" daemon [_thread_blocked, id=6072, stack(0x0000008666400000,0x0000008666500000)]
  0x000001da599b3ba0 JavaThread "Compiler Class File Writer" daemon [_thread_blocked, id=16964, stack(0x0000008666500000,0x0000008666600000)]

Other Threads:
=>0x000001da3c708bb0 VMThread "VM Thread" [stack: 0x0000008662b00000,0x0000008662c00000] [id=7048]
  0x000001da55f2ba70 WatcherThread [stack: 0x0000008663800000,0x0000008663900000] [id=256]
  0x000001da3c6724f0 GCTaskThread "GC Thread#0" [stack: 0x0000008662a00000,0x0000008662b00000] [id=12252]
  0x000001da56915330 GCTaskThread "GC Thread#1" [stack: 0x0000008663900000,0x0000008663a00000] [id=6356]
  0x000001da568f7d20 GCTaskThread "GC Thread#2" [stack: 0x0000008663a00000,0x0000008663b00000] [id=15440]
  0x000001da56910110 GCTaskThread "GC Thread#3" [stack: 0x0000008663b00000,0x0000008663c00000] [id=15220]
  0x000001da569103d0 GCTaskThread "GC Thread#4" [stack: 0x0000008663c00000,0x0000008663d00000] [id=11820]
  0x000001da56910690 GCTaskThread "GC Thread#5" [stack: 0x0000008663d00000,0x0000008663e00000] [id=9392]

Threads with active compile tasks:
C2 CompilerThread0    64845 7597       4       org.eclipse.jdt.internal.compiler.classfmt.FieldInfo::createField (450 bytes)

VM state: at safepoint (normal execution)

VM Mutex/Monitor currently owned by a thread:  ([mutex/lock_event])
[0x000001da3c658e00] ExpandHeap_lock - owner thread: 0x000001da3c708bb0
[0x000001da3c659e10] Threads_lock - owner thread: 0x000001da3c708bb0
[0x000001da3c65a710] Heap_lock - owner thread: 0x000001da55f62960

Heap address: 0x00000000c0000000, size: 1024 MB, Compressed Oops mode: 32-bit

CDS archive(s) not mapped
Compressed class space mapped at: 0x0000000100000000-0x0000000140000000, reserved size: 1073741824
Narrow klass base: 0x0000000000000000, Narrow klass shift: 3, Narrow klass range: 0x140000000

GC Precious Log:
 CPUs: 6 total, 6 available
 Memory: 16158M
 Large Page Support: Disabled
 NUMA Support: Disabled
 Compressed Oops: Enabled (32-bit)
 Alignments: Space 512K, Generation 512K, Heap 2M
 Heap Min Capacity: 100M
 Heap Initial Capacity: 100M
 Heap Max Capacity: 1G
 Pre-touch: Disabled
 Parallel Workers: 6

Heap:
 PSYoungGen      total 16896K, used 11263K [0x00000000eab00000, 0x00000000ec180000, 0x0000000100000000)
  eden space 11264K, 99% used [0x00000000eab00000,0x00000000eb5ffed8,0x00000000eb600000)
  from space 5632K, 0% used [0x00000000eb600000,0x00000000eb600000,0x00000000ebb80000)
  to   space 2560K, 0% used [0x00000000ebb80000,0x00000000ebb80000,0x00000000ebe00000)
 ParOldGen       total 69632K, used 69356K [0x00000000c0000000, 0x00000000eab00000, 0x00000000eab00000)
  object space 69632K, 99% used [0x00000000c0000000,0x00000000c43bb2d0,0x00000000c4400000)
 Metaspace       used 62043K, committed 63168K, reserved 1114112K
  class space    used 6615K, committed 7104K, reserved 1048576K

Card table byte_map: [0x000001da3bff0000,0x000001da3c200000] _byte_map_base: 0x000001da3b9f0000

Marking Bits: (ParMarkBitMap*) 0x00007ff9c9076940
 Begin Bits: [0x000001da4e2f0000, 0x000001da4f2f0000)
 End Bits:   [0x000001da4f2f0000, 0x000001da502f0000)

Polling page: 0x000001da3a5d0000

Metaspace:

Usage:
  Non-class:     54.13 MB used.
      Class:      6.46 MB used.
       Both:     60.59 MB used.

Virtual space:
  Non-class space:       64.00 MB reserved,      54.75 MB ( 86%) committed,  1 nodes.
      Class space:        1.00 GB reserved,       6.94 MB ( <1%) committed,  1 nodes.
             Both:        1.06 GB reserved,      61.69 MB (  6%) committed. 

Chunk freelists:
   Non-Class:  8.78 MB
       Class:  8.95 MB
        Both:  17.73 MB

MaxMetaspaceSize: unlimited
CompressedClassSpaceSize: 1.00 GB
Initial GC threshold: 21.00 MB
Current GC threshold: 102.81 MB
CDS: off
MetaspaceReclaimPolicy: balanced
 - commit_granule_bytes: 65536.
 - commit_granule_words: 8192.
 - virtual_space_node_default_size: 8388608.
 - enlarge_chunks_in_place: 1.
 - new_chunks_are_fully_committed: 0.
 - uncommit_free_chunks: 1.
 - use_allocation_guard: 0.
 - handle_deallocations: 1.


Internal statistics:

num_allocs_failed_limit: 11.
num_arena_births: 668.
num_arena_deaths: 14.
num_vsnodes_births: 2.
num_vsnodes_deaths: 0.
num_space_committed: 987.
num_space_uncommitted: 0.
num_chunks_returned_to_freelist: 25.
num_chunks_taken_from_freelist: 3218.
num_chunk_merges: 16.
num_chunk_splits: 1955.
num_chunks_enlarged: 1061.
num_inconsistent_stats: 0.

CodeHeap 'non-profiled nmethods': size=120000Kb used=3559Kb max_used=3559Kb free=116440Kb
 bounds [0x000001da46dc0000, 0x000001da47140000, 0x000001da4e2f0000]
CodeHeap 'profiled nmethods': size=120000Kb used=13412Kb max_used=13412Kb free=106587Kb
 bounds [0x000001da3f2f0000, 0x000001da40010000, 0x000001da46820000]
CodeHeap 'non-nmethods': size=5760Kb used=1347Kb max_used=1448Kb free=4412Kb
 bounds [0x000001da46820000, 0x000001da46a90000, 0x000001da46dc0000]
 total_blobs=7375 nmethods=6685 adapters=604
 compilation: enabled
              stopped_count=0, restarted_count=0
 full_count=0

Compilation events (20 events):
Event: 48.861 Thread 0x000001da504edf10 nmethod 7587 0x000001da47136310 code [0x000001da47136480, 0x000001da47136518]
Event: 49.458 Thread 0x000001da504edf10 7588       4       java.util.Collections$UnmodifiableMap$UnmodifiableEntrySet$1::hasNext (10 bytes)
Event: 49.710 Thread 0x000001da504edf10 nmethod 7588 0x000001da47136610 code [0x000001da47136780, 0x000001da47136838]
Event: 49.997 Thread 0x000001da55c30540 7589       3       sun.nio.fs.WindowsException::translateToIOException (109 bytes)
Event: 50.329 Thread 0x000001da55c30540 nmethod 7589 0x000001da3fff5f90 code [0x000001da3fff6240, 0x000001da3fff6e68]
Event: 51.748 Thread 0x000001da504edf10 7590       4       java.util.regex.Pattern::skip (23 bytes)
Event: 51.908 Thread 0x000001da504edf10 nmethod 7590 0x000001da47136910 code [0x000001da47136a80, 0x000001da47136b58]
Event: 52.422 Thread 0x000001da55c30540 7591 %     3       sun.nio.fs.Globs::toRegexPattern @ 15 (745 bytes)
Event: 54.323 Thread 0x000001da55c30540 nmethod 7591% 0x000001da3fff7290 code [0x000001da3fff7ca0, 0x000001da3fffdb08]
Event: 56.263 Thread 0x000001da55c30540 7592       3       java.util.regex.Pattern::escape (1327 bytes)
Event: 57.723 Thread 0x000001da55c30540 nmethod 7592 0x000001da3ffffe90 code [0x000001da40000980, 0x000001da400071e8]
Event: 57.762 Thread 0x000001da55c30540 7593       3       org.eclipse.core.internal.jobs.JobManager::select (60 bytes)
Event: 57.837 Thread 0x000001da55c30540 nmethod 7593 0x000001da40008a10 code [0x000001da40008c00, 0x000001da40009188]
Event: 58.816 Thread 0x000001da504edf10 7594       4       java.util.regex.Pattern$CharPropertyGreedy::match (160 bytes)
Event: 60.373 Thread 0x000001da55c30540 7596       1       java.text.FieldPosition::getFieldAttribute (5 bytes)
Event: 60.437 Thread 0x000001da55c30540 nmethod 7596 0x000001da47136c10 code [0x000001da47136da0, 0x000001da47136e78]
Event: 61.041 Thread 0x000001da504edf10 nmethod 7594 0x000001da47136f10 code [0x000001da47137120, 0x000001da47137e30]
Event: 61.075 Thread 0x000001da504edf10 7595   !   4       java.util.regex.Pattern::closure (276 bytes)
Event: 64.651 Thread 0x000001da504edf10 nmethod 7595 0x000001da47138610 code [0x000001da47138900, 0x000001da47139438]
Event: 64.683 Thread 0x000001da504edf10 7597       4       org.eclipse.jdt.internal.compiler.classfmt.FieldInfo::createField (450 bytes)

GC Heap History (20 events):
Event: 64.484 GC heap after
{Heap after GC invocations=1603 (full 1561):
 PSYoungGen      total 16896K, used 11264K [0x00000000eab00000, 0x00000000ec180000, 0x0000000100000000)
  eden space 11264K, 100% used [0x00000000eab00000,0x00000000eb600000,0x00000000eb600000)
  from space 5632K, 0% used [0x00000000eb600000,0x00000000eb600000,0x00000000ebb80000)
  to   space 2560K, 0% used [0x00000000ebb80000,0x00000000ebb80000,0x00000000ebe00000)
 ParOldGen       total 69632K, used 69356K [0x00000000c0000000, 0x00000000c4400000, 0x00000000eab00000)
  object space 69632K, 99% used [0x00000000c0000000,0x00000000c43bb118,0x00000000c4400000)
 Metaspace       used 62043K, committed 63168K, reserved 1114112K
  class space    used 6615K, committed 7104K, reserved 1048576K
}
Event: 64.485 GC heap before
{Heap before GC invocations=1604 (full 1562):
 PSYoungGen      total 16896K, used 11264K [0x00000000eab00000, 0x00000000ec180000, 0x0000000100000000)
  eden space 11264K, 100% used [0x00000000eab00000,0x00000000eb600000,0x00000000eb600000)
  from space 5632K, 0% used [0x00000000eb600000,0x00000000eb600000,0x00000000ebb80000)
  to   space 2560K, 0% used [0x00000000ebb80000,0x00000000ebb80000,0x00000000ebe00000)
 ParOldGen       total 69632K, used 69358K [0x00000000c0000000, 0x00000000c4400000, 0x00000000eab00000)
  object space 69632K, 99% used [0x00000000c0000000,0x00000000c43bbae8,0x00000000c4400000)
 Metaspace       used 62043K, committed 63168K, reserved 1114112K
  class space    used 6615K, committed 7104K, reserved 1048576K
}
Event: 64.522 GC heap after
{Heap after GC invocations=1604 (full 1562):
 PSYoungGen      total 13824K, used 11263K [0x00000000eab00000, 0x00000000ec180000, 0x0000000100000000)
  eden space 11264K, 99% used [0x00000000eab00000,0x00000000eb5ffea0,0x00000000eb600000)
  from space 2560K, 0% used [0x00000000ebb80000,0x00000000ebb80000,0x00000000ebe00000)
  to   space 5632K, 0% used [0x00000000eb600000,0x00000000eb600000,0x00000000ebb80000)
 ParOldGen       total 69632K, used 69356K [0x00000000c0000000, 0x00000000c4400000, 0x00000000eab00000)
  object space 69632K, 99% used [0x00000000c0000000,0x00000000c43bb070,0x00000000c4400000)
 Metaspace       used 62043K, committed 63168K, reserved 1114112K
  class space    used 6615K, committed 7104K, reserved 1048576K
}
Event: 64.522 GC heap before
{Heap before GC invocations=1605 (full 1563):
 PSYoungGen      total 13824K, used 11263K [0x00000000eab00000, 0x00000000ec180000, 0x0000000100000000)
  eden space 11264K, 99% used [0x00000000eab00000,0x00000000eb5ffff8,0x00000000eb600000)
  from space 2560K, 0% used [0x00000000ebb80000,0x00000000ebb80000,0x00000000ebe00000)
  to   space 5632K, 0% used [0x00000000eb600000,0x00000000eb600000,0x00000000ebb80000)
 ParOldGen       total 69632K, used 69356K [0x00000000c0000000, 0x00000000c4400000, 0x00000000eab00000)
  object space 69632K, 99% used [0x00000000c0000000,0x00000000c43bb070,0x00000000c4400000)
 Metaspace       used 62043K, committed 63168K, reserved 1114112K
  class space    used 6615K, committed 7104K, reserved 1048576K
}
Event: 64.555 GC heap after
{Heap after GC invocations=1605 (full 1563):
 PSYoungGen      total 16896K, used 11263K [0x00000000eab00000, 0x00000000ec180000, 0x0000000100000000)
  eden space 11264K, 99% used [0x00000000eab00000,0x00000000eb5fff58,0x00000000eb600000)
  from space 5632K, 0% used [0x00000000eb600000,0x00000000eb600000,0x00000000ebb80000)
  to   space 2560K, 0% used [0x00000000ebb80000,0x00000000ebb80000,0x00000000ebe00000)
 ParOldGen       total 69632K, used 69356K [0x00000000c0000000, 0x00000000c4400000, 0x00000000eab00000)
  object space 69632K, 99% used [0x00000000c0000000,0x00000000c43bb030,0x00000000c4400000)
 Metaspace       used 62043K, committed 63168K, reserved 1114112K
  class space    used 6615K, committed 7104K, reserved 1048576K
}
Event: 64.556 GC heap before
{Heap before GC invocations=1606 (full 1564):
 PSYoungGen      total 16896K, used 11263K [0x00000000eab00000, 0x00000000ec180000, 0x0000000100000000)
  eden space 11264K, 99% used [0x00000000eab00000,0x00000000eb5ffff8,0x00000000eb600000)
  from space 5632K, 0% used [0x00000000eb600000,0x00000000eb600000,0x00000000ebb80000)
  to   space 2560K, 0% used [0x00000000ebb80000,0x00000000ebb80000,0x00000000ebe00000)
 ParOldGen       total 69632K, used 69356K [0x00000000c0000000, 0x00000000c4400000, 0x00000000eab00000)
  object space 69632K, 99% used [0x00000000c0000000,0x00000000c43bb030,0x00000000c4400000)
 Metaspace       used 62043K, committed 63168K, reserved 1114112K
  class space    used 6615K, committed 7104K, reserved 1048576K
}
Event: 64.587 GC heap after
{Heap after GC invocations=1606 (full 1564):
 PSYoungGen      total 13824K, used 11263K [0x00000000eab00000, 0x00000000ec180000, 0x0000000100000000)
  eden space 11264K, 99% used [0x00000000eab00000,0x00000000eb5fffe8,0x00000000eb600000)
  from space 2560K, 0% used [0x00000000ebb80000,0x00000000ebb80000,0x00000000ebe00000)
  to   space 5632K, 0% used [0x00000000eb600000,0x00000000eb600000,0x00000000ebb80000)
 ParOldGen       total 69632K, used 69356K [0x00000000c0000000, 0x00000000c4400000, 0x00000000eab00000)
  object space 69632K, 99% used [0x00000000c0000000,0x00000000c43bb030,0x00000000c4400000)
 Metaspace       used 62043K, committed 63168K, reserved 1114112K
  class space    used 6615K, committed 7104K, reserved 1048576K
}
Event: 64.587 GC heap before
{Heap before GC invocations=1607 (full 1565):
 PSYoungGen      total 13824K, used 11263K [0x00000000eab00000, 0x00000000ec180000, 0x0000000100000000)
  eden space 11264K, 99% used [0x00000000eab00000,0x00000000eb5ffff8,0x00000000eb600000)
  from space 2560K, 0% used [0x00000000ebb80000,0x00000000ebb80000,0x00000000ebe00000)
  to   space 5632K, 0% used [0x00000000eb600000,0x00000000eb600000,0x00000000ebb80000)
 ParOldGen       total 69632K, used 69356K [0x00000000c0000000, 0x00000000c4400000, 0x00000000eab00000)
  object space 69632K, 99% used [0x00000000c0000000,0x00000000c43bb030,0x00000000c4400000)
 Metaspace       used 62043K, committed 63168K, reserved 1114112K
  class space    used 6615K, committed 7104K, reserved 1048576K
}
Event: 64.619 GC heap after
{Heap after GC invocations=1607 (full 1565):
 PSYoungGen      total 16896K, used 11263K [0x00000000eab00000, 0x00000000ec180000, 0x0000000100000000)
  eden space 11264K, 99% used [0x00000000eab00000,0x00000000eb5fffe8,0x00000000eb600000)
  from space 5632K, 0% used [0x00000000eb600000,0x00000000eb600000,0x00000000ebb80000)
  to   space 2560K, 0% used [0x00000000ebb80000,0x00000000ebb80000,0x00000000ebe00000)
 ParOldGen       total 69632K, used 69356K [0x00000000c0000000, 0x00000000c4400000, 0x00000000eab00000)
  object space 69632K, 99% used [0x00000000c0000000,0x00000000c43bb030,0x00000000c4400000)
 Metaspace       used 62043K, committed 63168K, reserved 1114112K
  class space    used 6615K, committed 7104K, reserved 1048576K
}
Event: 64.619 GC heap before
{Heap before GC invocations=1608 (full 1566):
 PSYoungGen      total 16896K, used 11263K [0x00000000eab00000, 0x00000000ec180000, 0x0000000100000000)
  eden space 11264K, 99% used [0x00000000eab00000,0x00000000eb5ffff8,0x00000000eb600000)
  from space 5632K, 0% used [0x00000000eb600000,0x00000000eb600000,0x00000000ebb80000)
  to   space 2560K, 0% used [0x00000000ebb80000,0x00000000ebb80000,0x00000000ebe00000)
 ParOldGen       total 69632K, used 69356K [0x00000000c0000000, 0x00000000c4400000, 0x00000000eab00000)
  object space 69632K, 99% used [0x00000000c0000000,0x00000000c43bb030,0x00000000c4400000)
 Metaspace       used 62043K, committed 63168K, reserved 1114112K
  class space    used 6615K, committed 7104K, reserved 1048576K
}
Event: 64.651 GC heap after
{Heap after GC invocations=1608 (full 1566):
 PSYoungGen      total 13824K, used 11263K [0x00000000eab00000, 0x00000000ec180000, 0x0000000100000000)
  eden space 11264K, 99% used [0x00000000eab00000,0x00000000eb5fff68,0x00000000eb600000)
  from space 2560K, 0% used [0x00000000ebb80000,0x00000000ebb80000,0x00000000ebe00000)
  to   space 5632K, 0% used [0x00000000eb600000,0x00000000eb600000,0x00000000ebb80000)
 ParOldGen       total 69632K, used 69356K [0x00000000c0000000, 0x00000000c4400000, 0x00000000eab00000)
  object space 69632K, 99% used [0x00000000c0000000,0x00000000c43bb030,0x00000000c4400000)
 Metaspace       used 62043K, committed 63168K, reserved 1114112K
  class space    used 6615K, committed 7104K, reserved 1048576K
}
Event: 64.651 GC heap before
{Heap before GC invocations=1609 (full 1567):
 PSYoungGen      total 13824K, used 11263K [0x00000000eab00000, 0x00000000ec180000, 0x0000000100000000)
  eden space 11264K, 99% used [0x00000000eab00000,0x00000000eb5ffff8,0x00000000eb600000)
  from space 2560K, 0% used [0x00000000ebb80000,0x00000000ebb80000,0x00000000ebe00000)
  to   space 5632K, 0% used [0x00000000eb600000,0x00000000eb600000,0x00000000ebb80000)
 ParOldGen       total 69632K, used 69356K [0x00000000c0000000, 0x00000000c4400000, 0x00000000eab00000)
  object space 69632K, 99% used [0x00000000c0000000,0x00000000c43bb030,0x00000000c4400000)
 Metaspace       used 62043K, committed 63168K, reserved 1114112K
  class space    used 6615K, committed 7104K, reserved 1048576K
}
Event: 64.683 GC heap after
{Heap after GC invocations=1609 (full 1567):
 PSYoungGen      total 16896K, used 11263K [0x00000000eab00000, 0x00000000ec180000, 0x0000000100000000)
  eden space 11264K, 99% used [0x00000000eab00000,0x00000000eb5fffe8,0x00000000eb600000)
  from space 5632K, 0% used [0x00000000eb600000,0x00000000eb600000,0x00000000ebb80000)
  to   space 2560K, 0% used [0x00000000ebb80000,0x00000000ebb80000,0x00000000ebe00000)
 ParOldGen       total 69632K, used 69356K [0x00000000c0000000, 0x00000000c4400000, 0x00000000eab00000)
  object space 69632K, 99% used [0x00000000c0000000,0x00000000c43bb030,0x00000000c4400000)
 Metaspace       used 62043K, committed 63168K, reserved 1114112K
  class space    used 6615K, committed 7104K, reserved 1048576K
}
Event: 64.683 GC heap before
{Heap before GC invocations=1610 (full 1568):
 PSYoungGen      total 16896K, used 11263K [0x00000000eab00000, 0x00000000ec180000, 0x0000000100000000)
  eden space 11264K, 99% used [0x00000000eab00000,0x00000000eb5ffff8,0x00000000eb600000)
  from space 5632K, 0% used [0x00000000eb600000,0x00000000eb600000,0x00000000ebb80000)
  to   space 2560K, 0% used [0x00000000ebb80000,0x00000000ebb80000,0x00000000ebe00000)
 ParOldGen       total 69632K, used 69356K [0x00000000c0000000, 0x00000000c4400000, 0x00000000eab00000)
  object space 69632K, 99% used [0x00000000c0000000,0x00000000c43bb030,0x00000000c4400000)
 Metaspace       used 62043K, committed 63168K, reserved 1114112K
  class space    used 6615K, committed 7104K, reserved 1048576K
}
Event: 64.715 GC heap after
{Heap after GC invocations=1610 (full 1568):
 PSYoungGen      total 13824K, used 11263K [0x00000000eab00000, 0x00000000ec180000, 0x0000000100000000)
  eden space 11264K, 99% used [0x00000000eab00000,0x00000000eb5fff68,0x00000000eb600000)
  from space 2560K, 0% used [0x00000000ebb80000,0x00000000ebb80000,0x00000000ebe00000)
  to   space 5632K, 0% used [0x00000000eb600000,0x00000000eb600000,0x00000000ebb80000)
 ParOldGen       total 69632K, used 69356K [0x00000000c0000000, 0x00000000c4400000, 0x00000000eab00000)
  object space 69632K, 99% used [0x00000000c0000000,0x00000000c43bb030,0x00000000c4400000)
 Metaspace       used 62043K, committed 63168K, reserved 1114112K
  class space    used 6615K, committed 7104K, reserved 1048576K
}
Event: 64.715 GC heap before
{Heap before GC invocations=1611 (full 1569):
 PSYoungGen      total 13824K, used 11263K [0x00000000eab00000, 0x00000000ec180000, 0x0000000100000000)
  eden space 11264K, 99% used [0x00000000eab00000,0x00000000eb5ffff8,0x00000000eb600000)
  from space 2560K, 0% used [0x00000000ebb80000,0x00000000ebb80000,0x00000000ebe00000)
  to   space 5632K, 0% used [0x00000000eb600000,0x00000000eb600000,0x00000000ebb80000)
 ParOldGen       total 69632K, used 69356K [0x00000000c0000000, 0x00000000c4400000, 0x00000000eab00000)
  object space 69632K, 99% used [0x00000000c0000000,0x00000000c43bb030,0x00000000c4400000)
 Metaspace       used 62043K, committed 63168K, reserved 1114112K
  class space    used 6615K, committed 7104K, reserved 1048576K
}
Event: 64.747 GC heap after
{Heap after GC invocations=1611 (full 1569):
 PSYoungGen      total 16896K, used 11263K [0x00000000eab00000, 0x00000000ec180000, 0x0000000100000000)
  eden space 11264K, 99% used [0x00000000eab00000,0x00000000eb5fff90,0x00000000eb600000)
  from space 5632K, 0% used [0x00000000eb600000,0x00000000eb600000,0x00000000ebb80000)
  to   space 2560K, 0% used [0x00000000ebb80000,0x00000000ebb80000,0x00000000ebe00000)
 ParOldGen       total 69632K, used 69356K [0x00000000c0000000, 0x00000000c4400000, 0x00000000eab00000)
  object space 69632K, 99% used [0x00000000c0000000,0x00000000c43bb030,0x00000000c4400000)
 Metaspace       used 62043K, committed 63168K, reserved 1114112K
  class space    used 6615K, committed 7104K, reserved 1048576K
}
Event: 64.747 GC heap before
{Heap before GC invocations=1612 (full 1570):
 PSYoungGen      total 16896K, used 11263K [0x00000000eab00000, 0x00000000ec180000, 0x0000000100000000)
  eden space 11264K, 99% used [0x00000000eab00000,0x00000000eb5ffff8,0x00000000eb600000)
  from space 5632K, 0% used [0x00000000eb600000,0x00000000eb600000,0x00000000ebb80000)
  to   space 2560K, 0% used [0x00000000ebb80000,0x00000000ebb80000,0x00000000ebe00000)
 ParOldGen       total 69632K, used 69356K [0x00000000c0000000, 0x00000000c4400000, 0x00000000eab00000)
  object space 69632K, 99% used [0x00000000c0000000,0x00000000c43bb030,0x00000000c4400000)
 Metaspace       used 62043K, committed 63168K, reserved 1114112K
  class space    used 6615K, committed 7104K, reserved 1048576K
}
Event: 64.779 GC heap after
{Heap after GC invocations=1612 (full 1570):
 PSYoungGen      total 13824K, used 11263K [0x00000000eab00000, 0x00000000ec180000, 0x0000000100000000)
  eden space 11264K, 99% used [0x00000000eab00000,0x00000000eb5ffff8,0x00000000eb600000)
  from space 2560K, 0% used [0x00000000ebb80000,0x00000000ebb80000,0x00000000ebe00000)
  to   space 5632K, 0% used [0x00000000eb600000,0x00000000eb600000,0x00000000ebb80000)
 ParOldGen       total 69632K, used 69356K [0x00000000c0000000, 0x00000000c4400000, 0x00000000eab00000)
  object space 69632K, 99% used [0x00000000c0000000,0x00000000c43bb030,0x00000000c4400000)
 Metaspace       used 62043K, committed 63168K, reserved 1114112K
  class space    used 6615K, committed 7104K, reserved 1048576K
}
Event: 64.779 GC heap before
{Heap before GC invocations=1613 (full 1571):
 PSYoungGen      total 13824K, used 11263K [0x00000000eab00000, 0x00000000ec180000, 0x0000000100000000)
  eden space 11264K, 99% used [0x00000000eab00000,0x00000000eb5ffff8,0x00000000eb600000)
  from space 2560K, 0% used [0x00000000ebb80000,0x00000000ebb80000,0x00000000ebe00000)
  to   space 5632K, 0% used [0x00000000eb600000,0x00000000eb600000,0x00000000ebb80000)
 ParOldGen       total 69632K, used 69358K [0x00000000c0000000, 0x00000000c4400000, 0x00000000eab00000)
  object space 69632K, 99% used [0x00000000c0000000,0x00000000c43bb808,0x00000000c4400000)
 Metaspace       used 62043K, committed 63168K, reserved 1114112K
  class space    used 6615K, committed 7104K, reserved 1048576K
}

Dll operation events (10 events):
Event: 0.012 Loaded shared library c:\Users\diurno\.vscode\extensions\redhat.java-1.36.0-win32-x64\jre\17.0.13-win32-x86_64\bin\java.dll
Event: 0.161 Loaded shared library c:\Users\diurno\.vscode\extensions\redhat.java-1.36.0-win32-x64\jre\17.0.13-win32-x86_64\bin\zip.dll
Event: 0.165 Loaded shared library C:\Users\diurno\.vscode\extensions\redhat.java-1.36.0-win32-x64\jre\17.0.13-win32-x86_64\bin\instrument.dll
Event: 0.176 Loaded shared library C:\Users\diurno\.vscode\extensions\redhat.java-1.36.0-win32-x64\jre\17.0.13-win32-x86_64\bin\net.dll
Event: 0.178 Loaded shared library C:\Users\diurno\.vscode\extensions\redhat.java-1.36.0-win32-x64\jre\17.0.13-win32-x86_64\bin\nio.dll
Event: 0.185 Loaded shared library C:\Users\diurno\.vscode\extensions\redhat.java-1.36.0-win32-x64\jre\17.0.13-win32-x86_64\bin\zip.dll
Event: 0.214 Loaded shared library C:\Users\diurno\.vscode\extensions\redhat.java-1.36.0-win32-x64\jre\17.0.13-win32-x86_64\bin\jimage.dll
Event: 0.276 Loaded shared library c:\Users\diurno\.vscode\extensions\redhat.java-1.36.0-win32-x64\jre\17.0.13-win32-x86_64\bin\verify.dll
Event: 3.705 Loaded shared library C:\Users\diurno\AppData\Roaming\Code\User\globalStorage\redhat.java\1.36.0\config_win\org.eclipse.equinox.launcher\org.eclipse.equinox.launcher.win32.win32.x86_64_1.2.1100.v20240722-2106\eclipse_11904.dll
Event: 9.388 Loaded shared library C:\Users\diurno\AppData\Local\Temp\jna--1331483869\jna2992467978257309101.dll

Deoptimization events (20 events):
Event: 33.187 Thread 0x000001da55f62960 DEOPT PACKING pc=0x000001da3f4bc80b sp=0x0000008664afe0e0
Event: 33.187 Thread 0x000001da55f62960 DEOPT UNPACKING pc=0x000001da46876e43 sp=0x0000008664afd618 mode 0
Event: 33.500 Thread 0x000001da568d6eb0 Uncommon trap: trap_request=0xffffffde fr.pc=0x000001da46fdbdac relative=0x000000000000020c
Event: 33.500 Thread 0x000001da568d6eb0 Uncommon trap: reason=class_check action=maybe_recompile pc=0x000001da46fdbdac method=java.util.ArrayList.hashCodeRange(II)I @ 53 c2
Event: 33.500 Thread 0x000001da568d6eb0 DEOPT PACKING pc=0x000001da46fdbdac sp=0x0000008663efeca0
Event: 33.500 Thread 0x000001da568d6eb0 DEOPT UNPACKING pc=0x000001da468766a3 sp=0x0000008663efec10 mode 2
Event: 33.500 Thread 0x000001da568d6eb0 Uncommon trap: trap_request=0xffffffde fr.pc=0x000001da46fdbdac relative=0x000000000000020c
Event: 33.500 Thread 0x000001da568d6eb0 Uncommon trap: reason=class_check action=maybe_recompile pc=0x000001da46fdbdac method=java.util.ArrayList.hashCodeRange(II)I @ 53 c2
Event: 33.500 Thread 0x000001da568d6eb0 DEOPT PACKING pc=0x000001da46fdbdac sp=0x0000008663efed00
Event: 33.500 Thread 0x000001da568d6eb0 DEOPT UNPACKING pc=0x000001da468766a3 sp=0x0000008663efec70 mode 2
Event: 33.500 Thread 0x000001da568d6eb0 Uncommon trap: trap_request=0xffffffde fr.pc=0x000001da46fdbdac relative=0x000000000000020c
Event: 33.500 Thread 0x000001da568d6eb0 Uncommon trap: reason=class_check action=maybe_recompile pc=0x000001da46fdbdac method=java.util.ArrayList.hashCodeRange(II)I @ 53 c2
Event: 33.500 Thread 0x000001da568d6eb0 DEOPT PACKING pc=0x000001da46fdbdac sp=0x0000008663efed00
Event: 33.500 Thread 0x000001da568d6eb0 DEOPT UNPACKING pc=0x000001da468766a3 sp=0x0000008663efec70 mode 2
Event: 33.500 Thread 0x000001da568d6eb0 Uncommon trap: trap_request=0xffffffde fr.pc=0x000001da46fdbdac relative=0x000000000000020c
Event: 33.500 Thread 0x000001da568d6eb0 Uncommon trap: reason=class_check action=maybe_recompile pc=0x000001da46fdbdac method=java.util.ArrayList.hashCodeRange(II)I @ 53 c2
Event: 33.500 Thread 0x000001da568d6eb0 DEOPT PACKING pc=0x000001da46fdbdac sp=0x0000008663efed00
Event: 33.500 Thread 0x000001da568d6eb0 DEOPT UNPACKING pc=0x000001da468766a3 sp=0x0000008663efec70 mode 2
Event: 58.816 Thread 0x000001da55f62e70 DEOPT PACKING pc=0x000001da3fa3b6c1 sp=0x0000008664dfe9c0
Event: 58.816 Thread 0x000001da55f62e70 DEOPT UNPACKING pc=0x000001da46876e43 sp=0x0000008664dfde70 mode 0

Classes loaded (20 events):
Event: 12.832 Loading class jdk/internal/math/FormattedFloatingDecimal$1
Event: 12.832 Loading class jdk/internal/math/FormattedFloatingDecimal$1 done
Event: 12.832 Loading class jdk/internal/math/FormattedFloatingDecimal$2
Event: 12.832 Loading class jdk/internal/math/FormattedFloatingDecimal$2 done
Event: 12.997 Loading class java/util/TreeMap$ValueSpliterator
Event: 12.997 Loading class java/util/TreeMap$TreeMapSpliterator
Event: 12.997 Loading class java/util/TreeMap$TreeMapSpliterator done
Event: 12.997 Loading class java/util/TreeMap$ValueSpliterator done
Event: 13.111 Loading class java/util/concurrent/CompletionException
Event: 13.111 Loading class java/util/concurrent/CompletionException done
Event: 13.158 Loading class java/nio/file/FileTreeWalker$1
Event: 13.158 Loading class java/nio/file/FileTreeWalker$1 done
Event: 13.158 Loading class sun/nio/fs/Globs
Event: 13.158 Loading class sun/nio/fs/Globs done
Event: 13.158 Loading class java/util/regex/Pattern$SliceU
Event: 13.158 Loading class java/util/regex/Pattern$SliceU done
Event: 13.158 Loading class sun/nio/fs/WindowsFileSystem$2
Event: 13.158 Loading class java/nio/file/PathMatcher
Event: 13.158 Loading class java/nio/file/PathMatcher done
Event: 13.158 Loading class sun/nio/fs/WindowsFileSystem$2 done

Classes unloaded (7 events):
Event: 10.343 Thread 0x000001da3c708bb0 Unloading class 0x0000000100250000 'java/lang/invoke/LambdaForm$MH+0x0000000100250000'
Event: 10.343 Thread 0x000001da3c708bb0 Unloading class 0x000000010024fc00 'java/lang/invoke/LambdaForm$MH+0x000000010024fc00'
Event: 10.343 Thread 0x000001da3c708bb0 Unloading class 0x000000010024f800 'java/lang/invoke/LambdaForm$MH+0x000000010024f800'
Event: 10.343 Thread 0x000001da3c708bb0 Unloading class 0x000000010024f400 'java/lang/invoke/LambdaForm$MH+0x000000010024f400'
Event: 10.343 Thread 0x000001da3c708bb0 Unloading class 0x000000010024f000 'java/lang/invoke/LambdaForm$BMH+0x000000010024f000'
Event: 10.343 Thread 0x000001da3c708bb0 Unloading class 0x000000010024ec00 'java/lang/invoke/LambdaForm$DMH+0x000000010024ec00'
Event: 10.343 Thread 0x000001da3c708bb0 Unloading class 0x000000010024c400 'java/lang/invoke/LambdaForm$DMH+0x000000010024c400'

Classes redefined (0 events):
No events

Internal exceptions (20 events):
Event: 49.078 Thread 0x000001da55f62e70 Exception <a 'sun/nio/fs/WindowsException'{0x00000000eb5fff80}> (0x00000000eb5fff80) 
thrown [s\src\hotspot\share\prims\jni.cpp, line 516]
Event: 49.458 Thread 0x000001da55f62e70 Exception <a 'sun/nio/fs/WindowsException'{0x00000000c4398558}> (0x00000000c4398558) 
thrown [s\src\hotspot\share\prims\jni.cpp, line 516]
Event: 49.679 Thread 0x000001da55f62e70 Exception <a 'sun/nio/fs/WindowsException'{0x00000000eb5fffc0}> (0x00000000eb5fffc0) 
thrown [s\src\hotspot\share\prims\jni.cpp, line 516]
Event: 49.964 Thread 0x000001da55f62e70 Exception <a 'sun/nio/fs/WindowsException'{0x00000000c43992f0}> (0x00000000c43992f0) 
thrown [s\src\hotspot\share\prims\jni.cpp, line 516]
Event: 53.364 Thread 0x000001da55f62e70 Exception <a 'sun/nio/fs/WindowsException'{0x00000000eb5ffe18}> (0x00000000eb5ffe18) 
thrown [s\src\hotspot\share\prims\jni.cpp, line 516]
Event: 53.661 Thread 0x000001da55f62e70 Exception <a 'sun/nio/fs/WindowsException'{0x00000000c43a00c8}> (0x00000000c43a00c8) 
thrown [s\src\hotspot\share\prims\jni.cpp, line 516]
Event: 53.822 Thread 0x000001da55f62e70 Exception <a 'sun/nio/fs/WindowsException'{0x00000000eb5fff50}> (0x00000000eb5fff50) 
thrown [s\src\hotspot\share\prims\jni.cpp, line 516]
Event: 54.195 Thread 0x000001da55f62e70 Exception <a 'sun/nio/fs/WindowsException'{0x00000000eb5fffa0}> (0x00000000eb5fffa0) 
thrown [s\src\hotspot\share\prims\jni.cpp, line 516]
Event: 56.474 Thread 0x000001da55f62e70 Exception <a 'sun/nio/fs/WindowsException'{0x00000000c43afab0}> (0x00000000c43afab0) 
thrown [s\src\hotspot\share\prims\jni.cpp, line 516]
Event: 56.606 Thread 0x000001da55f62e70 Exception <a 'sun/nio/fs/WindowsException'{0x00000000c43b0518}> (0x00000000c43b0518) 
thrown [s\src\hotspot\share\prims\jni.cpp, line 516]
Event: 56.902 Thread 0x000001da55f62e70 Exception <a 'sun/nio/fs/WindowsException'{0x00000000eb5ffbe8}> (0x00000000eb5ffbe8) 
thrown [s\src\hotspot\share\prims\jni.cpp, line 516]
Event: 57.130 Thread 0x000001da55f62e70 Exception <a 'sun/nio/fs/WindowsException'{0x00000000c43b0a88}> (0x00000000c43b0a88) 
thrown [s\src\hotspot\share\prims\jni.cpp, line 516]
Event: 60.146 Thread 0x000001da55f62e70 Exception <a 'sun/nio/fs/WindowsException'{0x00000000c43b48f0}> (0x00000000c43b48f0) 
thrown [s\src\hotspot\share\prims\jni.cpp, line 516]
Event: 60.276 Thread 0x000001da55f62e70 Exception <a 'sun/nio/fs/WindowsException'{0x00000000c43b4ec0}> (0x00000000c43b4ec0) 
thrown [s\src\hotspot\share\prims\jni.cpp, line 516]
Event: 60.469 Thread 0x000001da55f62e70 Exception <a 'sun/nio/fs/WindowsException'{0x00000000c43b57b8}> (0x00000000c43b57b8) 
thrown [s\src\hotspot\share\prims\jni.cpp, line 516]
Event: 60.632 Thread 0x000001da55f62e70 Exception <a 'sun/nio/fs/WindowsException'{0x00000000c43b59c8}> (0x00000000c43b59c8) 
thrown [s\src\hotspot\share\prims\jni.cpp, line 516]
Event: 63.485 Thread 0x000001da55f62e70 Exception <a 'sun/nio/fs/WindowsException'{0x00000000c43ba218}> (0x00000000c43ba218) 
thrown [s\src\hotspot\share\prims\jni.cpp, line 516]
Event: 63.714 Thread 0x000001da55f62e70 Exception <a 'sun/nio/fs/WindowsException'{0x00000000eb5fff78}> (0x00000000eb5fff78) 
thrown [s\src\hotspot\share\prims\jni.cpp, line 516]
Event: 64.006 Thread 0x000001da55f62e70 Exception <a 'sun/nio/fs/WindowsException'{0x00000000eb5fff58}> (0x00000000eb5fff58) 
thrown [s\src\hotspot\share\prims\jni.cpp, line 516]
Event: 64.133 Thread 0x000001da55f62e70 Exception <a 'sun/nio/fs/WindowsException'{0x00000000eb5fff78}> (0x00000000eb5fff78) 
thrown [s\src\hotspot\share\prims\jni.cpp, line 516]

VM Operations (20 events):
Event: 64.484 Executing VM operation: ParallelGCFailedAllocation done
Event: 64.485 Executing VM operation: ParallelGCFailedAllocation
Event: 64.522 Executing VM operation: ParallelGCFailedAllocation done
Event: 64.522 Executing VM operation: ParallelGCFailedAllocation
Event: 64.555 Executing VM operation: ParallelGCFailedAllocation done
Event: 64.556 Executing VM operation: ParallelGCFailedAllocation
Event: 64.587 Executing VM operation: ParallelGCFailedAllocation done
Event: 64.587 Executing VM operation: ParallelGCFailedAllocation
Event: 64.619 Executing VM operation: ParallelGCFailedAllocation done
Event: 64.619 Executing VM operation: ParallelGCFailedAllocation
Event: 64.651 Executing VM operation: ParallelGCFailedAllocation done
Event: 64.651 Executing VM operation: ParallelGCFailedAllocation
Event: 64.683 Executing VM operation: ParallelGCFailedAllocation done
Event: 64.683 Executing VM operation: ParallelGCFailedAllocation
Event: 64.715 Executing VM operation: ParallelGCFailedAllocation done
Event: 64.715 Executing VM operation: ParallelGCFailedAllocation
Event: 64.747 Executing VM operation: ParallelGCFailedAllocation done
Event: 64.747 Executing VM operation: ParallelGCFailedAllocation
Event: 64.779 Executing VM operation: ParallelGCFailedAllocation done
Event: 64.779 Executing VM operation: ParallelGCFailedAllocation

Memory protections (0 events):
No events

Nmethod flushes (20 events):
Event: 11.408 Thread 0x000001da55c4b1e0 flushing  nmethod 0x000001da3fca1b90
Event: 11.408 Thread 0x000001da55c4b1e0 flushing  nmethod 0x000001da3fcbed10
Event: 11.408 Thread 0x000001da55c4b1e0 flushing  nmethod 0x000001da3fcc5790
Event: 11.408 Thread 0x000001da55c4b1e0 flushing  nmethod 0x000001da3fd05090
Event: 11.408 Thread 0x000001da55c4b1e0 flushing  nmethod 0x000001da3fd11f10
Event: 11.408 Thread 0x000001da55c4b1e0 flushing  nmethod 0x000001da3fd12510
Event: 11.408 Thread 0x000001da55c4b1e0 flushing  nmethod 0x000001da3fd16690
Event: 11.408 Thread 0x000001da55c4b1e0 flushing  nmethod 0x000001da3fd16a10
Event: 11.408 Thread 0x000001da55c4b1e0 flushing  nmethod 0x000001da3fd1fa10
Event: 11.408 Thread 0x000001da55c4b1e0 flushing  nmethod 0x000001da3fd22790
Event: 11.408 Thread 0x000001da55c4b1e0 flushing  nmethod 0x000001da3fd23210
Event: 11.408 Thread 0x000001da55c4b1e0 flushing  nmethod 0x000001da3fd23790
Event: 11.408 Thread 0x000001da55c4b1e0 flushing  nmethod 0x000001da3fd23e90
Event: 11.408 Thread 0x000001da55c4b1e0 flushing  nmethod 0x000001da3fd26610
Event: 11.408 Thread 0x000001da55c4b1e0 flushing  nmethod 0x000001da3fd2d410
Event: 11.408 Thread 0x000001da55c4b1e0 flushing  nmethod 0x000001da3fd32710
Event: 11.408 Thread 0x000001da55c4b1e0 flushing  nmethod 0x000001da3fd35110
Event: 11.408 Thread 0x000001da55c4b1e0 flushing  nmethod 0x000001da3fd37010
Event: 11.408 Thread 0x000001da55c4b1e0 flushing  nmethod 0x000001da3fd46d10
Event: 13.167 Thread 0x000001da55c4b1e0 flushing  nmethod 0x000001da3fd7df10

Events (20 events):
Event: 10.594 Thread 0x000001da3c65db40 Thread added: 0x000001da56e60610
Event: 10.608 Thread 0x000001da3c65db40 Thread added: 0x000001da56e5e2a0
Event: 10.788 Thread 0x000001da3c65db40 Thread added: 0x000001da56e5b510
Event: 10.788 Thread 0x000001da3c65db40 Thread added: 0x000001da56e61030
Event: 10.836 Thread 0x000001da55f62e70 Thread added: 0x000001da56e60100
Event: 10.839 Thread 0x000001da56e60100 Thread added: 0x000001da56e59bc0
Event: 10.893 Thread 0x000001da56e59bc0 Thread added: 0x000001da56e5bf30
Event: 10.908 Thread 0x000001da56e59bc0 Thread added: 0x000001da56e5ba20
Event: 11.382 Thread 0x000001da55f64cd0 Thread added: 0x000001da56e5d880
Event: 11.425 Thread 0x000001da55f64cd0 Thread added: 0x000001da56e5a0d0
Event: 11.425 Thread 0x000001da55f64cd0 Thread added: 0x000001da56e5d370
Event: 11.425 Thread 0x000001da56e5a0d0 Thread added: 0x000001da56e5f1d0
Event: 11.426 Thread 0x000001da56e5d370 Thread added: 0x000001da56e5dd90
Event: 12.048 Thread 0x000001da55f64cd0 Thread added: 0x000001da55f62450
Event: 12.118 Thread 0x000001da55f64cd0 Thread added: 0x000001da599b4ad0
Event: 12.380 Thread 0x000001da55f64cd0 Thread added: 0x000001da599b4fe0
Event: 12.388 Thread 0x000001da55f64cd0 Thread added: 0x000001da599b7860
Event: 12.399 Thread 0x000001da55f64cd0 Thread added: 0x000001da599b3ba0
Event: 15.057 Thread 0x000001da56d5e020 Thread exited: 0x000001da56d5e020
Event: 38.480 Thread 0x000001da56c848c0 Thread exited: 0x000001da56c848c0


Dynamic libraries:
0x00007ff68cff0000 - 0x00007ff68cffe000 	c:\Users\diurno\.vscode\extensions\redhat.java-1.36.0-win32-x64\jre\17.0.13-win32-x86_64\bin\java.exe
0x00007ffa321f0000 - 0x00007ffa32407000 	C:\Windows\SYSTEM32\ntdll.dll
0x00007ffa30e50000 - 0x00007ffa30f14000 	C:\Windows\System32\KERNEL32.DLL
0x00007ffa2fb50000 - 0x00007ffa2ff09000 	C:\Windows\System32\KERNELBASE.dll
0x00007ffa2f770000 - 0x00007ffa2f881000 	C:\Windows\System32\ucrtbase.dll
0x00007ffa1fca0000 - 0x00007ffa1fcb7000 	c:\Users\diurno\.vscode\extensions\redhat.java-1.36.0-win32-x64\jre\17.0.13-win32-x86_64\bin\jli.dll
0x00007ffa31c70000 - 0x00007ffa31e1e000 	C:\Windows\System32\USER32.dll
0x00007ffa2faa0000 - 0x00007ffa2fac6000 	C:\Windows\System32\win32u.dll
0x00007ffa2ff70000 - 0x00007ffa2ff99000 	C:\Windows\System32\GDI32.dll
0x00007ffa2f890000 - 0x00007ffa2f9ab000 	C:\Windows\System32\gdi32full.dll
0x00007ffa2f560000 - 0x00007ffa2f5fa000 	C:\Windows\System32\msvcp_win.dll
0x00007ffa10740000 - 0x00007ffa1075e000 	c:\Users\diurno\.vscode\extensions\redhat.java-1.36.0-win32-x64\jre\17.0.13-win32-x86_64\bin\VCRUNTIME140.dll
0x00007ffa09540000 - 0x00007ffa097d2000 	C:\Windows\WinSxS\amd64_microsoft.windows.common-controls_6595b64144ccf1df_6.0.22621.4391_none_2715d37f73803e96\COMCTL32.dll
0x00007ffa31f90000 - 0x00007ffa32037000 	C:\Windows\System32\msvcrt.dll
0x00007ffa31750000 - 0x00007ffa31781000 	C:\Windows\System32\IMM32.DLL
0x00007ffa2a790000 - 0x00007ffa2a79c000 	c:\Users\diurno\.vscode\extensions\redhat.java-1.36.0-win32-x64\jre\17.0.13-win32-x86_64\bin\vcruntime140_1.dll
0x00007ff9fba20000 - 0x00007ff9fbaad000 	c:\Users\diurno\.vscode\extensions\redhat.java-1.36.0-win32-x64\jre\17.0.13-win32-x86_64\bin\msvcp140.dll
0x00007ff9c84d0000 - 0x00007ff9c913b000 	c:\Users\diurno\.vscode\extensions\redhat.java-1.36.0-win32-x64\jre\17.0.13-win32-x86_64\bin\server\jvm.dll
0x00007ffa30f20000 - 0x00007ffa30fd2000 	C:\Windows\System32\ADVAPI32.dll
0x00007ffa317d0000 - 0x00007ffa31877000 	C:\Windows\System32\sechost.dll
0x00007ffa2f9b0000 - 0x00007ffa2f9d8000 	C:\Windows\System32\bcrypt.dll
0x00007ffa30fe0000 - 0x00007ffa310f4000 	C:\Windows\System32\RPCRT4.dll
0x00007ffa31f10000 - 0x00007ffa31f81000 	C:\Windows\System32\WS2_32.dll
0x00007ffa2f3c0000 - 0x00007ffa2f40d000 	C:\Windows\SYSTEM32\POWRPROF.dll
0x00007ffa1fe00000 - 0x00007ffa1fe34000 	C:\Windows\SYSTEM32\WINMM.dll
0x00007ffa2c430000 - 0x00007ffa2c43a000 	C:\Windows\SYSTEM32\VERSION.dll
0x00007ffa2f3a0000 - 0x00007ffa2f3b3000 	C:\Windows\SYSTEM32\UMPDC.dll
0x00007ffa2e4f0000 - 0x00007ffa2e508000 	C:\Windows\SYSTEM32\kernel.appcore.dll
0x00007ffa21670000 - 0x00007ffa2167a000 	c:\Users\diurno\.vscode\extensions\redhat.java-1.36.0-win32-x64\jre\17.0.13-win32-x86_64\bin\jimage.dll
0x00007ffa1e200000 - 0x00007ffa1e432000 	C:\Windows\SYSTEM32\DBGHELP.DLL
0x00007ffa313c0000 - 0x00007ffa3174f000 	C:\Windows\System32\combase.dll
0x00007ffa31e30000 - 0x00007ffa31f07000 	C:\Windows\System32\OLEAUT32.dll
0x00007ffa1cd60000 - 0x00007ffa1cd92000 	C:\Windows\SYSTEM32\dbgcore.DLL
0x00007ffa2fad0000 - 0x00007ffa2fb4b000 	C:\Windows\System32\bcryptPrimitives.dll
0x00007ffa21570000 - 0x00007ffa2157e000 	c:\Users\diurno\.vscode\extensions\redhat.java-1.36.0-win32-x64\jre\17.0.13-win32-x86_64\bin\instrument.dll
0x00007ffa0dd00000 - 0x00007ffa0dd25000 	c:\Users\diurno\.vscode\extensions\redhat.java-1.36.0-win32-x64\jre\17.0.13-win32-x86_64\bin\java.dll
0x00007ffa10570000 - 0x00007ffa10588000 	c:\Users\diurno\.vscode\extensions\redhat.java-1.36.0-win32-x64\jre\17.0.13-win32-x86_64\bin\zip.dll
0x00007ffa30470000 - 0x00007ffa30ce6000 	C:\Windows\System32\SHELL32.dll
0x00007ffa2d3e0000 - 0x00007ffa2dce3000 	C:\Windows\SYSTEM32\windows.storage.dll
0x00007ffa2d2a0000 - 0x00007ffa2d3df000 	C:\Windows\SYSTEM32\wintypes.dll
0x00007ffa31880000 - 0x00007ffa31979000 	C:\Windows\System32\SHCORE.dll
0x00007ffa30cf0000 - 0x00007ffa30d4e000 	C:\Windows\System32\shlwapi.dll
0x00007ffa2f420000 - 0x00007ffa2f44b000 	C:\Windows\SYSTEM32\profapi.dll
0x00007ffa10390000 - 0x00007ffa103a9000 	C:\Users\diurno\.vscode\extensions\redhat.java-1.36.0-win32-x64\jre\17.0.13-win32-x86_64\bin\net.dll
0x00007ffa2a160000 - 0x00007ffa2a296000 	C:\Windows\SYSTEM32\WINHTTP.dll
0x00007ffa2e960000 - 0x00007ffa2e9c9000 	C:\Windows\system32\mswsock.dll
0x00007ffa10350000 - 0x00007ffa10366000 	C:\Users\diurno\.vscode\extensions\redhat.java-1.36.0-win32-x64\jre\17.0.13-win32-x86_64\bin\nio.dll
0x00007ffa21070000 - 0x00007ffa21080000 	c:\Users\diurno\.vscode\extensions\redhat.java-1.36.0-win32-x64\jre\17.0.13-win32-x86_64\bin\verify.dll
0x00007ffa0c760000 - 0x00007ffa0c7a5000 	C:\Users\diurno\AppData\Roaming\Code\User\globalStorage\redhat.java\1.36.0\config_win\org.eclipse.equinox.launcher\org.eclipse.equinox.launcher.win32.win32.x86_64_1.2.1100.v20240722-2106\eclipse_11904.dll
0x00007ffa31980000 - 0x00007ffa31b25000 	C:\Windows\System32\ole32.dll
0x00007ffa2ecb0000 - 0x00007ffa2eccb000 	C:\Windows\SYSTEM32\CRYPTSP.dll
0x00007ffa2e450000 - 0x00007ffa2e485000 	C:\Windows\system32\rsaenh.dll
0x00007ffa2ea00000 - 0x00007ffa2ea28000 	C:\Windows\SYSTEM32\USERENV.dll
0x00007ffa2ec90000 - 0x00007ffa2ec9c000 	C:\Windows\SYSTEM32\CRYPTBASE.dll
0x00007ffa2df50000 - 0x00007ffa2df7d000 	C:\Windows\SYSTEM32\IPHLPAPI.DLL
0x00007ffa31790000 - 0x00007ffa31799000 	C:\Windows\System32\NSI.dll
0x00007ffa29fc0000 - 0x00007ffa29fd9000 	C:\Windows\SYSTEM32\dhcpcsvc6.DLL
0x00007ffa29f70000 - 0x00007ffa29f8f000 	C:\Windows\SYSTEM32\dhcpcsvc.DLL
0x00007ffa2dfc0000 - 0x00007ffa2e0c2000 	C:\Windows\SYSTEM32\DNSAPI.dll
0x00007ffa09390000 - 0x00007ffa093d9000 	C:\Users\diurno\AppData\Local\Temp\jna--1331483869\jna2992467978257309101.dll
0x00007ffa31e20000 - 0x00007ffa31e28000 	C:\Windows\System32\PSAPI.DLL

dbghelp: loaded successfully - version: 4.0.5 - missing functions: none
symbol engine: initialized successfully - sym options: 0x614 - pdb path: .;c:\Users\diurno\.vscode\extensions\redhat.java-1.36.0-win32-x64\jre\17.0.13-win32-x86_64\bin;C:\Windows\SYSTEM32;C:\Windows\WinSxS\amd64_microsoft.windows.common-controls_6595b64144ccf1df_6.0.22621.4391_none_2715d37f73803e96;c:\Users\diurno\.vscode\extensions\redhat.java-1.36.0-win32-x64\jre\17.0.13-win32-x86_64\bin\server;C:\Users\diurno\AppData\Roaming\Code\User\globalStorage\redhat.java\1.36.0\config_win\org.eclipse.equinox.launcher\org.eclipse.equinox.launcher.win32.win32.x86_64_1.2.1100.v20240722-2106;C:\Users\diurno\AppData\Local\Temp\jna--1331483869

VM Arguments:
jvm_args: --add-modules=ALL-SYSTEM --add-opens=java.base/java.util=ALL-UNNAMED --add-opens=java.base/java.lang=ALL-UNNAMED --add-opens=java.base/sun.nio.fs=ALL-UNNAMED -Declipse.application=org.eclipse.jdt.ls.core.id1 -Dosgi.bundles.defaultStartLevel=4 -Declipse.product=org.eclipse.jdt.ls.core.product -Djava.import.generatesMetadataFilesAtProjectRoot=false -DDetectVMInstallationsJob.disabled=true -Dfile.encoding=utf8 -XX:+UseParallelGC -XX:GCTimeRatio=4 -XX:AdaptiveSizePolicyWeight=90 -Dsun.zip.disableMemoryMapping=true -Xmx1G -Xms100m -Xlog:disable -javaagent:c:\Users\diurno\.vscode\extensions\redhat.java-1.36.0-win32-x64\lombok\lombok-1.18.35.jar -XX:+HeapDumpOnOutOfMemoryError -XX:HeapDumpPath=c:\Users\diurno\AppData\Roaming\Code\User\workspaceStorage\8b1ed90dac5234f3f01f7ca273c733af\redhat.java -Daether.dependencyCollector.impl=bf 
java_command: c:\Users\diurno\.vscode\extensions\redhat.java-1.36.0-win32-x64\server\plugins\org.eclipse.equinox.launcher_1.6.900.v20240613-2009.jar -configuration c:\Users\diurno\AppData\Roaming\Code\User\globalStorage\redhat.java\1.36.0\config_win -data c:\Users\diurno\AppData\Roaming\Code\User\workspaceStorage\8b1ed90dac5234f3f01f7ca273c733af\redhat.java\jdt_ws --pipe=\\.\pipe\lsp-f808409ff21bfd2c49c9b50a6b4bf16d-sock
java_class_path (initial): c:\Users\diurno\.vscode\extensions\redhat.java-1.36.0-win32-x64\server\plugins\org.eclipse.equinox.launcher_1.6.900.v20240613-2009.jar
Launcher Type: SUN_STANDARD

[Global flags]
    uintx AdaptiveSizePolicyWeight                 = 90                                        {product} {command line}
     intx CICompilerCount                          = 3                                         {product} {ergonomic}
    uintx GCTimeRatio                              = 4                                         {product} {command line}
     bool HeapDumpOnOutOfMemoryError               = true                                   {manageable} {command line}
    ccstr HeapDumpPath                             = c:\Users\diurno\AppData\Roaming\Code\User\workspaceStorage\8b1ed90dac5234f3f01f7ca273c733af\redhat.java         {manageable} {command line}
   size_t InitialHeapSize                          = 104857600                                 {product} {command line}
   size_t MaxHeapSize                              = 1073741824                                {product} {command line}
   size_t MaxNewSize                               = 357564416                                 {product} {ergonomic}
   size_t MinHeapDeltaBytes                        = 524288                                    {product} {ergonomic}
   size_t MinHeapSize                              = 104857600                                 {product} {command line}
   size_t NewSize                                  = 34603008                                  {product} {ergonomic}
    uintx NonNMethodCodeHeapSize                   = 5832780                                {pd product} {ergonomic}
    uintx NonProfiledCodeHeapSize                  = 122912730                              {pd product} {ergonomic}
   size_t OldSize                                  = 70254592                                  {product} {ergonomic}
    uintx ProfiledCodeHeapSize                     = 122912730                              {pd product} {ergonomic}
    uintx ReservedCodeCacheSize                    = 251658240                              {pd product} {ergonomic}
     bool SegmentedCodeCache                       = true                                      {product} {ergonomic}
   size_t SoftMaxHeapSize                          = 1073741824                             {manageable} {ergonomic}
     bool UseCompressedClassPointers               = true                           {product lp64_product} {ergonomic}
     bool UseCompressedOops                        = true                           {product lp64_product} {ergonomic}
     bool UseLargePagesIndividualAllocation        = false                                  {pd product} {ergonomic}
     bool UseParallelGC                            = true                                      {product} {command line}

Logging:
Log output configuration:
 #0: stdout all=off uptime,level,tags
 #1: stderr all=off uptime,level,tags

Environment Variables:
JAVA_HOME=C:\Program Files\Java\jdk-22
CLASSPATH=.;C:\misclases
PATH=C:\Program Files\Common Files\Oracle\Java\javapath;C:\Program Files\Eclipse Adoptium\jre-21.0.3.9-hotspot\bin;C:\Program Files\Eclipse Adoptium\jdk-21.0.3.9-hotspot\bin;C:\Windows\system32;C:\Windows;C:\Windows\System32\Wbem;C:\Windows\System32\WindowsPowerShell\v1.0\;C:\Windows\System32\OpenSSH\;C:\Program Files\Microsoft VS Code\bin;C:\Program Files\Git\cmd;C:\Program Files (x86)\Microsoft SQL Server\160\Tools\Binn\;C:\Program Files\Microsoft SQL Server\160\Tools\Binn\;C:\Program Files\Microsoft SQL Server\Client SDK\ODBC\170\Tools\Binn\;C:\Program Files\Microsoft SQL Server\160\DTS\Binn\;C:\Program Files (x86)\Microsoft SQL Server\160\DTS\Binn\;C:\Program Files\Java\jdk-22\bin;C:\Program Files\apache-maven-3.9.6\bin;C:\Users\diurno\AppData\Local\Microsoft\WindowsApps;C:\Users\diurno\AppData\Local\GitHubDesktop\bin
USERNAME=diurno
OS=Windows_NT
PROCESSOR_IDENTIFIER=Intel64 Family 6 Model 158 Stepping 10, GenuineIntel
TMP=C:\Users\diurno\AppData\Local\Temp
TEMP=C:\Users\diurno\AppData\Local\Temp



Periodic native trim disabled


---------------  S Y S T E M  ---------------

OS:
 Windows 11 , 64 bit Build 22621 (10.0.22621.4391)
OS uptime: 2 days 5:02 hours
Hyper-V role detected

CPU: total 6 (initial active 6) (6 cores per cpu, 1 threads per core) family 6 model 158 stepping 10 microcode 0xf6, cx8, cmov, fxsr, mmx, 3dnowpref, sse, sse2, sse3, ssse3, sse4.1, sse4.2, popcnt, lzcnt, tsc, tscinvbit, avx, avx2, aes, erms, clmul, bmi1, bmi2, adx, fma, vzeroupper, clflush, clflushopt, hv
Processor Information for all 6 processors :
  Max Mhz: 2808, Current Mhz: 2808, Mhz Limit: 2808

Memory: 4k page, system-wide physical 16158M (2504M free)
TotalPageFile size 46988M (AvailPageFile size 5M)
current process WorkingSet (physical memory assigned to process): 262M, peak: 303M
current process commit charge ("private bytes"): 888M, peak: 934M

vm_info: OpenJDK 64-Bit Server VM (17.0.13+11) for windows-amd64 JRE (17.0.13+11), built on Oct 16 2024 00:10:08 by "admin" with MS VC++ 17.7 (VS2022)

END.
